2018/01/03 14:47:16 [notice] 8#8: using the "epoll" event method
2018/01/03 14:47:16 [notice] 8#8: nginx/1.10.3
2018/01/03 14:47:16 [notice] 8#8: built by gcc 4.9.2 (Debian 4.9.2-10) 
2018/01/03 14:47:16 [notice] 8#8: OS: Linux 4.9.49-moby
2018/01/03 14:47:16 [notice] 8#8: getrlimit(RLIMIT_NOFILE): 1048576:1048576
2018/01/03 14:47:16 [notice] 8#8: start worker processes
2018/01/03 14:47:16 [notice] 8#8: start worker process 9
2018/01/03 14:47:16 [notice] 8#8: start worker process 10
2018/01/03 14:47:16 [notice] 8#8: start worker process 11
2018/01/03 14:47:16 [notice] 8#8: start worker process 12
2018/01/03 14:47:16 [notice] 8#8: start cache manager process 13
2018/01/03 14:47:16 [notice] 8#8: start cache loader process 14
2018/01/03 14:47:16 [notice] 8#8: using the "epoll" event method
2018/01/03 14:47:16 [notice] 8#8: nginx/1.10.3
2018/01/03 14:47:16 [notice] 8#8: built by gcc 4.9.2 (Debian 4.9.2-10) 
2018/01/03 14:47:16 [notice] 8#8: OS: Linux 4.9.49-moby
2018/01/03 14:47:16 [notice] 8#8: getrlimit(RLIMIT_NOFILE): 1048576:1048576
2018/01/03 14:47:16 [notice] 8#8: start worker processes
2018/01/03 14:47:16 [notice] 8#8: start worker process 9
2018/01/03 14:47:16 [notice] 8#8: start worker process 10
2018/01/03 14:47:16 [notice] 8#8: start worker process 11
2018/01/03 14:47:16 [notice] 8#8: start worker process 12
2018/01/03 14:47:16 [notice] 8#8: start cache manager process 13
2018/01/03 14:47:16 [notice] 8#8: start cache loader process 14
2018/01/03 14:47:49 [info] 9#9: *2 client closed connection while waiting for request, client: 172.22.0.1, server: 0.0.0.0:8180
2018/01/03 14:48:16 [notice] 14#14: http file cache: /var/cache/nginx 0.000M, bsize: 4096
2018/01/03 14:48:16 [notice] 8#8: signal 17 (SIGCHLD) received
2018/01/03 14:48:16 [notice] 8#8: cache loader process 14 exited with code 0
2018/01/03 14:48:16 [notice] 8#8: signal 29 (SIGIO) received
2018/01/03 14:48:16 [notice] 14#14: http file cache: /var/cache/nginx 0.000M, bsize: 4096
2018/01/03 14:48:16 [notice] 8#8: signal 17 (SIGCHLD) received
2018/01/03 14:48:16 [notice] 8#8: cache loader process 14 exited with code 0
2018/01/03 14:48:16 [notice] 8#8: signal 29 (SIGIO) received
2018/01/03 15:13:34 [notice] 8#8: using the "epoll" event method
2018/01/03 15:13:34 [notice] 8#8: nginx/1.10.3
2018/01/03 15:13:34 [notice] 8#8: built by gcc 4.9.2 (Debian 4.9.2-10) 
2018/01/03 15:13:34 [notice] 8#8: OS: Linux 4.9.49-moby
2018/01/03 15:13:34 [notice] 8#8: getrlimit(RLIMIT_NOFILE): 1048576:1048576
2018/01/03 15:13:34 [notice] 8#8: start worker processes
2018/01/03 15:13:34 [notice] 8#8: start worker process 9
2018/01/03 15:13:34 [notice] 8#8: start worker process 10
2018/01/03 15:13:34 [notice] 8#8: start worker process 11
2018/01/03 15:13:34 [notice] 8#8: start worker process 12
2018/01/03 15:13:34 [notice] 8#8: start cache manager process 13
2018/01/03 15:13:34 [notice] 8#8: start cache loader process 14
2018/01/03 15:13:34 [notice] 8#8: using the "epoll" event method
2018/01/03 15:13:34 [notice] 8#8: nginx/1.10.3
2018/01/03 15:13:34 [notice] 8#8: built by gcc 4.9.2 (Debian 4.9.2-10) 
2018/01/03 15:13:34 [notice] 8#8: OS: Linux 4.9.49-moby
2018/01/03 15:13:34 [notice] 8#8: getrlimit(RLIMIT_NOFILE): 1048576:1048576
2018/01/03 15:13:34 [notice] 8#8: start worker processes
2018/01/03 15:13:34 [notice] 8#8: start worker process 9
2018/01/03 15:13:34 [notice] 8#8: start worker process 10
2018/01/03 15:13:34 [notice] 8#8: start worker process 11
2018/01/03 15:13:34 [notice] 8#8: start worker process 12
2018/01/03 15:13:34 [notice] 8#8: start cache manager process 13
2018/01/03 15:13:34 [notice] 8#8: start cache loader process 14
2018/01/03 15:14:34 [notice] 14#14: http file cache: /var/cache/nginx 0.000M, bsize: 4096
2018/01/03 15:14:34 [notice] 8#8: signal 17 (SIGCHLD) received
2018/01/03 15:14:34 [notice] 8#8: cache loader process 14 exited with code 0
2018/01/03 15:14:34 [notice] 8#8: signal 29 (SIGIO) received
2018/01/03 15:14:34 [notice] 14#14: http file cache: /var/cache/nginx 0.000M, bsize: 4096
2018/01/03 15:14:35 [notice] 8#8: signal 17 (SIGCHLD) received
2018/01/03 15:14:35 [notice] 8#8: cache loader process 14 exited with code 0
2018/01/03 15:14:35 [notice] 8#8: signal 29 (SIGIO) received
2018/01/03 15:17:11 [notice] 8#8: using the "epoll" event method
2018/01/03 15:17:11 [notice] 8#8: nginx/1.10.3
2018/01/03 15:17:11 [notice] 8#8: built by gcc 4.9.2 (Debian 4.9.2-10) 
2018/01/03 15:17:11 [notice] 8#8: OS: Linux 4.9.49-moby
2018/01/03 15:17:11 [notice] 8#8: getrlimit(RLIMIT_NOFILE): 1048576:1048576
2018/01/03 15:17:11 [notice] 8#8: start worker processes
2018/01/03 15:17:11 [notice] 8#8: start worker process 9
2018/01/03 15:17:11 [notice] 8#8: start worker process 10
2018/01/03 15:17:11 [notice] 8#8: start worker process 11
2018/01/03 15:17:11 [notice] 8#8: start worker process 12
2018/01/03 15:17:11 [notice] 8#8: start cache manager process 13
2018/01/03 15:17:11 [notice] 8#8: start cache loader process 14
2018/01/03 15:17:12 [notice] 8#8: using the "epoll" event method
2018/01/03 15:17:12 [notice] 8#8: nginx/1.10.3
2018/01/03 15:17:12 [notice] 8#8: built by gcc 4.9.2 (Debian 4.9.2-10) 
2018/01/03 15:17:12 [notice] 8#8: OS: Linux 4.9.49-moby
2018/01/03 15:17:12 [notice] 8#8: getrlimit(RLIMIT_NOFILE): 1048576:1048576
2018/01/03 15:17:12 [notice] 8#8: start worker processes
2018/01/03 15:17:12 [notice] 8#8: start worker process 9
2018/01/03 15:17:12 [notice] 8#8: start worker process 10
2018/01/03 15:17:12 [notice] 8#8: start worker process 11
2018/01/03 15:17:12 [notice] 8#8: start worker process 12
2018/01/03 15:17:12 [notice] 8#8: start cache manager process 13
2018/01/03 15:17:12 [notice] 8#8: start cache loader process 14
2018/01/03 15:18:11 [notice] 14#14: http file cache: /var/cache/nginx 0.000M, bsize: 4096
2018/01/03 15:18:11 [notice] 8#8: signal 17 (SIGCHLD) received
2018/01/03 15:18:11 [notice] 8#8: cache loader process 14 exited with code 0
2018/01/03 15:18:11 [notice] 8#8: signal 29 (SIGIO) received
2018/01/03 15:18:12 [notice] 14#14: http file cache: /var/cache/nginx 0.000M, bsize: 4096
2018/01/03 15:18:12 [notice] 8#8: signal 17 (SIGCHLD) received
2018/01/03 15:18:12 [notice] 8#8: cache loader process 14 exited with code 0
2018/01/03 15:18:12 [notice] 8#8: signal 29 (SIGIO) received
2018/01/03 15:34:17 [notice] 8#8: using the "epoll" event method
2018/01/03 15:34:17 [notice] 8#8: nginx/1.10.3
2018/01/03 15:34:17 [notice] 8#8: built by gcc 4.9.2 (Debian 4.9.2-10) 
2018/01/03 15:34:17 [notice] 8#8: OS: Linux 4.9.49-moby
2018/01/03 15:34:17 [notice] 8#8: getrlimit(RLIMIT_NOFILE): 1048576:1048576
2018/01/03 15:34:17 [notice] 8#8: start worker processes
2018/01/03 15:34:17 [notice] 8#8: start worker process 9
2018/01/03 15:34:17 [notice] 8#8: start worker process 10
2018/01/03 15:34:17 [notice] 8#8: start worker process 11
2018/01/03 15:34:17 [notice] 8#8: start worker process 12
2018/01/03 15:34:17 [notice] 8#8: start cache manager process 13
2018/01/03 15:34:17 [notice] 8#8: start cache loader process 14
2018/01/03 15:34:18 [notice] 8#8: using the "epoll" event method
2018/01/03 15:34:18 [notice] 8#8: nginx/1.10.3
2018/01/03 15:34:18 [notice] 8#8: built by gcc 4.9.2 (Debian 4.9.2-10) 
2018/01/03 15:34:18 [notice] 8#8: OS: Linux 4.9.49-moby
2018/01/03 15:34:18 [notice] 8#8: getrlimit(RLIMIT_NOFILE): 1048576:1048576
2018/01/03 15:34:18 [notice] 8#8: start worker processes
2018/01/03 15:34:18 [notice] 8#8: start worker process 9
2018/01/03 15:34:18 [notice] 8#8: start worker process 10
2018/01/03 15:34:18 [notice] 8#8: start worker process 11
2018/01/03 15:34:18 [notice] 8#8: start worker process 12
2018/01/03 15:34:18 [notice] 8#8: start cache manager process 13
2018/01/03 15:34:18 [notice] 8#8: start cache loader process 14
2018/01/03 15:35:17 [notice] 14#14: http file cache: /var/cache/nginx 0.000M, bsize: 4096
2018/01/03 15:35:17 [notice] 8#8: signal 17 (SIGCHLD) received
2018/01/03 15:35:17 [notice] 8#8: cache loader process 14 exited with code 0
2018/01/03 15:35:17 [notice] 8#8: signal 29 (SIGIO) received
2018/01/03 15:35:18 [notice] 14#14: http file cache: /var/cache/nginx 0.000M, bsize: 4096
2018/01/03 15:35:18 [notice] 8#8: signal 17 (SIGCHLD) received
2018/01/03 15:35:18 [notice] 8#8: cache loader process 14 exited with code 0
2018/01/03 15:35:18 [notice] 8#8: signal 29 (SIGIO) received
2018/01/03 15:42:49 [notice] 8#8: using the "epoll" event method
2018/01/03 15:42:49 [notice] 8#8: nginx/1.10.3
2018/01/03 15:42:49 [notice] 8#8: built by gcc 4.9.2 (Debian 4.9.2-10) 
2018/01/03 15:42:49 [notice] 8#8: OS: Linux 4.9.49-moby
2018/01/03 15:42:49 [notice] 8#8: getrlimit(RLIMIT_NOFILE): 1048576:1048576
2018/01/03 15:42:49 [notice] 8#8: start worker processes
2018/01/03 15:42:49 [notice] 8#8: start worker process 9
2018/01/03 15:42:49 [notice] 8#8: start worker process 10
2018/01/03 15:42:49 [notice] 8#8: start worker process 11
2018/01/03 15:42:49 [notice] 8#8: start worker process 12
2018/01/03 15:42:49 [notice] 8#8: start cache manager process 13
2018/01/03 15:42:49 [notice] 8#8: start cache loader process 14
2018/01/03 15:42:49 [notice] 8#8: using the "epoll" event method
2018/01/03 15:42:49 [notice] 8#8: nginx/1.10.3
2018/01/03 15:42:49 [notice] 8#8: built by gcc 4.9.2 (Debian 4.9.2-10) 
2018/01/03 15:42:49 [notice] 8#8: OS: Linux 4.9.49-moby
2018/01/03 15:42:49 [notice] 8#8: getrlimit(RLIMIT_NOFILE): 1048576:1048576
2018/01/03 15:42:49 [notice] 8#8: start worker processes
2018/01/03 15:42:49 [notice] 8#8: start worker process 9
2018/01/03 15:42:49 [notice] 8#8: start worker process 10
2018/01/03 15:42:49 [notice] 8#8: start worker process 11
2018/01/03 15:42:49 [notice] 8#8: start worker process 12
2018/01/03 15:42:49 [notice] 8#8: start cache manager process 13
2018/01/03 15:42:49 [notice] 8#8: start cache loader process 14
2018/01/03 15:47:12 [notice] 8#8: using the "epoll" event method
2018/01/03 15:47:12 [notice] 8#8: nginx/1.10.3
2018/01/03 15:47:12 [notice] 8#8: built by gcc 4.9.2 (Debian 4.9.2-10) 
2018/01/03 15:47:12 [notice] 8#8: OS: Linux 4.9.49-moby
2018/01/03 15:47:12 [notice] 8#8: getrlimit(RLIMIT_NOFILE): 1048576:1048576
2018/01/03 15:47:12 [notice] 8#8: start worker processes
2018/01/03 15:47:12 [notice] 8#8: start worker process 9
2018/01/03 15:47:12 [notice] 8#8: start worker process 10
2018/01/03 15:47:12 [notice] 8#8: start worker process 11
2018/01/03 15:47:12 [notice] 8#8: start worker process 12
2018/01/03 15:47:12 [notice] 8#8: start cache manager process 13
2018/01/03 15:47:12 [notice] 8#8: start cache loader process 14
2018/01/03 15:47:12 [notice] 7#7: using the "epoll" event method
2018/01/03 15:47:12 [notice] 7#7: nginx/1.10.3
2018/01/03 15:47:12 [notice] 7#7: built by gcc 4.9.2 (Debian 4.9.2-10) 
2018/01/03 15:47:12 [notice] 7#7: OS: Linux 4.9.49-moby
2018/01/03 15:47:12 [notice] 7#7: getrlimit(RLIMIT_NOFILE): 1048576:1048576
2018/01/03 15:47:12 [notice] 7#7: start worker processes
2018/01/03 15:47:12 [notice] 7#7: start worker process 8
2018/01/03 15:47:12 [notice] 7#7: start worker process 9
2018/01/03 15:47:12 [notice] 7#7: start worker process 10
2018/01/03 15:47:12 [notice] 7#7: start worker process 11
2018/01/03 15:47:12 [notice] 7#7: start cache manager process 12
2018/01/03 15:47:12 [notice] 7#7: start cache loader process 13
2018/01/03 15:47:52 [error] 8#8: *3 connect() failed (111: Connection refused) while connecting to upstream, client: 172.22.0.1, server: , request: "GET /fpm_status HTTP/1.1", upstream: "fastcgi://172.22.0.4:9100", host: "localhost"
2018/01/03 15:47:52 [error] 8#8: *3 open() "/etc/nginx/html/favicon.ico" failed (2: No such file or directory), client: 172.22.0.1, server: , request: "GET /favicon.ico HTTP/1.1", host: "localhost", referrer: "http://localhost/fpm_status"
2018/01/03 15:48:12 [notice] 14#14: http file cache: /var/cache/nginx 0.000M, bsize: 4096
2018/01/03 15:48:12 [notice] 8#8: signal 17 (SIGCHLD) received
2018/01/03 15:48:12 [notice] 8#8: cache loader process 14 exited with code 0
2018/01/03 15:48:12 [notice] 8#8: signal 29 (SIGIO) received
2018/01/03 15:48:13 [notice] 13#13: http file cache: /var/cache/nginx 0.000M, bsize: 4096
2018/01/03 15:48:13 [notice] 7#7: signal 17 (SIGCHLD) received
2018/01/03 15:48:13 [notice] 7#7: cache loader process 13 exited with code 0
2018/01/03 15:48:13 [notice] 7#7: signal 29 (SIGIO) received
2018/01/03 15:48:15 [info] 8#8: *4 client closed connection while waiting for request, client: 172.22.0.1, server: 0.0.0.0:8180
2018/01/03 15:49:36 [info] 8#8: *19 client closed connection while waiting for request, client: 172.22.0.1, server: 0.0.0.0:8180
2018/01/03 15:49:36 [info] 8#8: *21 client closed connection while waiting for request, client: 172.22.0.1, server: 0.0.0.0:8180
2018/01/03 15:49:36 [info] 8#8: *20 client closed connection while waiting for request, client: 172.22.0.1, server: 0.0.0.0:8180
2018/01/03 15:49:36 [info] 8#8: *22 client closed connection while waiting for request, client: 172.22.0.1, server: 0.0.0.0:8180
2018/01/03 15:56:50 [notice] 8#8: using the "epoll" event method
2018/01/03 15:56:50 [notice] 8#8: nginx/1.10.3
2018/01/03 15:56:50 [notice] 8#8: built by gcc 4.9.2 (Debian 4.9.2-10) 
2018/01/03 15:56:50 [notice] 8#8: OS: Linux 4.9.49-moby
2018/01/03 15:56:50 [notice] 8#8: getrlimit(RLIMIT_NOFILE): 1048576:1048576
2018/01/03 15:56:50 [notice] 8#8: start worker processes
2018/01/03 15:56:50 [notice] 8#8: start worker process 9
2018/01/03 15:56:50 [notice] 8#8: start worker process 10
2018/01/03 15:56:50 [notice] 8#8: start worker process 11
2018/01/03 15:56:50 [notice] 8#8: start worker process 12
2018/01/03 15:56:50 [notice] 8#8: start cache manager process 13
2018/01/03 15:56:50 [notice] 8#8: start cache loader process 14
2018/01/03 15:56:50 [notice] 8#8: using the "epoll" event method
2018/01/03 15:56:50 [notice] 8#8: nginx/1.10.3
2018/01/03 15:56:50 [notice] 8#8: built by gcc 4.9.2 (Debian 4.9.2-10) 
2018/01/03 15:56:50 [notice] 8#8: OS: Linux 4.9.49-moby
2018/01/03 15:56:50 [notice] 8#8: getrlimit(RLIMIT_NOFILE): 1048576:1048576
2018/01/03 15:56:50 [notice] 8#8: start worker processes
2018/01/03 15:56:50 [notice] 8#8: start worker process 9
2018/01/03 15:56:50 [notice] 8#8: start worker process 10
2018/01/03 15:56:50 [notice] 8#8: start worker process 11
2018/01/03 15:56:50 [notice] 8#8: start worker process 12
2018/01/03 15:56:50 [notice] 8#8: start cache manager process 13
2018/01/03 15:56:50 [notice] 8#8: start cache loader process 14
2018/01/03 15:57:15 [info] 9#9: *2 client closed connection while waiting for request, client: 172.22.0.1, server: 0.0.0.0:8180
2018/01/03 15:57:15 [info] 9#9: *6 client closed connection while waiting for request, client: 172.22.0.1, server: 0.0.0.0:8180
2018/01/03 15:57:15 [info] 9#9: *5 client closed connection while waiting for request, client: 172.22.0.1, server: 0.0.0.0:8180
2018/01/03 15:57:15 [info] 9#9: *4 client closed connection while waiting for request, client: 172.22.0.1, server: 0.0.0.0:8180
2018/01/03 15:57:15 [info] 9#9: *3 client closed connection while waiting for request, client: 172.22.0.1, server: 0.0.0.0:8180
2018/01/03 15:57:50 [notice] 14#14: http file cache: /var/cache/nginx 0.000M, bsize: 4096
2018/01/03 15:57:50 [notice] 8#8: signal 17 (SIGCHLD) received
2018/01/03 15:57:50 [notice] 8#8: cache loader process 14 exited with code 0
2018/01/03 15:57:50 [notice] 8#8: signal 29 (SIGIO) received
2018/01/03 15:57:51 [notice] 14#14: http file cache: /var/cache/nginx 0.000M, bsize: 4096
2018/01/03 15:57:51 [notice] 8#8: signal 17 (SIGCHLD) received
2018/01/03 15:57:51 [notice] 8#8: cache loader process 14 exited with code 0
2018/01/03 15:57:51 [notice] 8#8: signal 29 (SIGIO) received
2018/01/03 15:58:32 [notice] 8#8: using the "epoll" event method
2018/01/03 15:58:32 [notice] 8#8: nginx/1.10.3
2018/01/03 15:58:32 [notice] 8#8: built by gcc 4.9.2 (Debian 4.9.2-10) 
2018/01/03 15:58:32 [notice] 8#8: OS: Linux 4.9.49-moby
2018/01/03 15:58:32 [notice] 8#8: getrlimit(RLIMIT_NOFILE): 1048576:1048576
2018/01/03 15:58:32 [notice] 8#8: start worker processes
2018/01/03 15:58:32 [notice] 8#8: start worker process 9
2018/01/03 15:58:32 [notice] 8#8: start worker process 10
2018/01/03 15:58:32 [notice] 8#8: start worker process 11
2018/01/03 15:58:32 [notice] 8#8: start worker process 12
2018/01/03 15:58:32 [notice] 8#8: start cache manager process 13
2018/01/03 15:58:32 [notice] 8#8: start cache loader process 14
2018/01/03 15:58:33 [notice] 7#7: using the "epoll" event method
2018/01/03 15:58:33 [notice] 7#7: nginx/1.10.3
2018/01/03 15:58:33 [notice] 7#7: built by gcc 4.9.2 (Debian 4.9.2-10) 
2018/01/03 15:58:33 [notice] 7#7: OS: Linux 4.9.49-moby
2018/01/03 15:58:33 [notice] 7#7: getrlimit(RLIMIT_NOFILE): 1048576:1048576
2018/01/03 15:58:33 [notice] 7#7: start worker processes
2018/01/03 15:58:33 [notice] 7#7: start worker process 8
2018/01/03 15:58:33 [notice] 7#7: start worker process 9
2018/01/03 15:58:33 [notice] 7#7: start worker process 10
2018/01/03 15:58:33 [notice] 7#7: start worker process 11
2018/01/03 15:58:33 [notice] 7#7: start cache manager process 12
2018/01/03 15:58:33 [notice] 7#7: start cache loader process 13
2018/01/03 15:59:32 [notice] 14#14: http file cache: /var/cache/nginx 0.000M, bsize: 4096
2018/01/03 15:59:32 [notice] 8#8: signal 17 (SIGCHLD) received
2018/01/03 15:59:32 [notice] 8#8: cache loader process 14 exited with code 0
2018/01/03 15:59:32 [notice] 8#8: signal 29 (SIGIO) received
2018/01/03 15:59:33 [notice] 13#13: http file cache: /var/cache/nginx 0.000M, bsize: 4096
2018/01/03 15:59:33 [notice] 7#7: signal 17 (SIGCHLD) received
2018/01/03 15:59:33 [notice] 7#7: cache loader process 13 exited with code 0
2018/01/03 15:59:33 [notice] 7#7: signal 29 (SIGIO) received
2018/01/03 16:01:32 [info] 8#8: *46 client closed connection while waiting for request, client: 172.22.0.1, server: 0.0.0.0:8180
2018/01/03 16:01:32 [info] 8#8: *48 client closed connection while waiting for request, client: 172.22.0.1, server: 0.0.0.0:8180
2018/01/03 16:01:32 [info] 8#8: *47 client closed connection while waiting for request, client: 172.22.0.1, server: 0.0.0.0:8180
2018/01/03 16:03:26 [notice] 8#8: using the "epoll" event method
2018/01/03 16:03:26 [notice] 8#8: nginx/1.10.3
2018/01/03 16:03:26 [notice] 8#8: built by gcc 4.9.2 (Debian 4.9.2-10) 
2018/01/03 16:03:26 [notice] 8#8: OS: Linux 4.9.49-moby
2018/01/03 16:03:26 [notice] 8#8: getrlimit(RLIMIT_NOFILE): 1048576:1048576
2018/01/03 16:03:26 [notice] 8#8: start worker processes
2018/01/03 16:03:26 [notice] 8#8: start worker process 9
2018/01/03 16:03:26 [notice] 8#8: start worker process 10
2018/01/03 16:03:26 [notice] 8#8: start worker process 11
2018/01/03 16:03:26 [notice] 8#8: start worker process 12
2018/01/03 16:03:26 [notice] 8#8: start cache manager process 13
2018/01/03 16:03:26 [notice] 8#8: start cache loader process 14
2018/01/03 16:03:27 [notice] 8#8: using the "epoll" event method
2018/01/03 16:03:27 [notice] 8#8: nginx/1.10.3
2018/01/03 16:03:27 [notice] 8#8: built by gcc 4.9.2 (Debian 4.9.2-10) 
2018/01/03 16:03:27 [notice] 8#8: OS: Linux 4.9.49-moby
2018/01/03 16:03:27 [notice] 8#8: getrlimit(RLIMIT_NOFILE): 1048576:1048576
2018/01/03 16:03:27 [notice] 8#8: start worker processes
2018/01/03 16:03:27 [notice] 8#8: start worker process 9
2018/01/03 16:03:27 [notice] 8#8: start worker process 10
2018/01/03 16:03:27 [notice] 8#8: start worker process 11
2018/01/03 16:03:27 [notice] 8#8: start worker process 12
2018/01/03 16:03:27 [notice] 8#8: start cache manager process 13
2018/01/03 16:03:27 [notice] 8#8: start cache loader process 14
2018/01/03 16:04:27 [notice] 14#14: http file cache: /var/cache/nginx 0.000M, bsize: 4096
2018/01/03 16:04:27 [notice] 8#8: signal 17 (SIGCHLD) received
2018/01/03 16:04:27 [notice] 8#8: cache loader process 14 exited with code 0
2018/01/03 16:04:27 [notice] 8#8: signal 29 (SIGIO) received
2018/01/03 16:04:27 [notice] 14#14: http file cache: /var/cache/nginx 0.000M, bsize: 4096
2018/01/03 16:04:27 [notice] 8#8: signal 17 (SIGCHLD) received
2018/01/03 16:04:27 [notice] 8#8: cache loader process 14 exited with code 0
2018/01/03 16:04:27 [notice] 8#8: signal 29 (SIGIO) received
2018/01/03 16:08:32 [notice] 8#8: using the "epoll" event method
2018/01/03 16:08:32 [notice] 8#8: nginx/1.10.3
2018/01/03 16:08:32 [notice] 8#8: built by gcc 4.9.2 (Debian 4.9.2-10) 
2018/01/03 16:08:32 [notice] 8#8: OS: Linux 4.9.49-moby
2018/01/03 16:08:32 [notice] 8#8: getrlimit(RLIMIT_NOFILE): 1048576:1048576
2018/01/03 16:08:32 [notice] 8#8: start worker processes
2018/01/03 16:08:32 [notice] 8#8: start worker process 9
2018/01/03 16:08:32 [notice] 8#8: start worker process 10
2018/01/03 16:08:32 [notice] 8#8: start worker process 11
2018/01/03 16:08:32 [notice] 8#8: start worker process 12
2018/01/03 16:08:32 [notice] 8#8: start cache manager process 13
2018/01/03 16:08:32 [notice] 8#8: start cache loader process 14
2018/01/03 16:08:33 [notice] 9#9: using the "epoll" event method
2018/01/03 16:08:33 [notice] 9#9: nginx/1.10.3
2018/01/03 16:08:33 [notice] 9#9: built by gcc 4.9.2 (Debian 4.9.2-10) 
2018/01/03 16:08:33 [notice] 9#9: OS: Linux 4.9.49-moby
2018/01/03 16:08:33 [notice] 9#9: getrlimit(RLIMIT_NOFILE): 1048576:1048576
2018/01/03 16:08:33 [notice] 9#9: start worker processes
2018/01/03 16:08:33 [notice] 9#9: start worker process 10
2018/01/03 16:08:33 [notice] 9#9: start worker process 11
2018/01/03 16:08:33 [notice] 9#9: start worker process 12
2018/01/03 16:08:33 [notice] 9#9: start worker process 13
2018/01/03 16:08:33 [notice] 9#9: start cache manager process 14
2018/01/03 16:08:33 [notice] 9#9: start cache loader process 15
2018/01/03 16:08:56 [info] 10#10: *4 client closed connection while waiting for request, client: 172.22.0.1, server: 0.0.0.0:8180
2018/01/03 16:08:56 [info] 10#10: *5 client closed connection while waiting for request, client: 172.22.0.1, server: 0.0.0.0:8180
2018/01/03 16:08:56 [info] 10#10: *6 client closed connection while waiting for request, client: 172.22.0.1, server: 0.0.0.0:8180
2018/01/03 16:08:56 [info] 10#10: *2 client closed connection while waiting for request, client: 172.22.0.1, server: 0.0.0.0:8180
2018/01/03 16:08:56 [info] 10#10: *1 client closed connection while waiting for request, client: 172.22.0.1, server: 0.0.0.0:8180
2018/01/03 16:09:32 [notice] 14#14: http file cache: /var/cache/nginx 0.000M, bsize: 4096
2018/01/03 16:09:33 [notice] 8#8: signal 17 (SIGCHLD) received
2018/01/03 16:09:33 [notice] 8#8: cache loader process 14 exited with code 0
2018/01/03 16:09:33 [notice] 8#8: signal 29 (SIGIO) received
2018/01/03 16:09:33 [notice] 15#15: http file cache: /var/cache/nginx 0.000M, bsize: 4096
2018/01/03 16:09:33 [notice] 9#9: signal 17 (SIGCHLD) received
2018/01/03 16:09:33 [notice] 9#9: cache loader process 15 exited with code 0
2018/01/03 16:09:33 [notice] 9#9: signal 29 (SIGIO) received
2018/01/04 08:37:36 [notice] 8#8: using the "epoll" event method
2018/01/04 08:37:36 [notice] 8#8: nginx/1.10.3
2018/01/04 08:37:36 [notice] 8#8: built by gcc 4.9.2 (Debian 4.9.2-10) 
2018/01/04 08:37:36 [notice] 8#8: OS: Linux 4.9.49-moby
2018/01/04 08:37:36 [notice] 8#8: getrlimit(RLIMIT_NOFILE): 1048576:1048576
2018/01/04 08:37:36 [notice] 8#8: start worker processes
2018/01/04 08:37:36 [notice] 8#8: start worker process 9
2018/01/04 08:37:36 [notice] 8#8: start worker process 10
2018/01/04 08:37:36 [notice] 8#8: start worker process 11
2018/01/04 08:37:36 [notice] 8#8: start worker process 12
2018/01/04 08:37:36 [notice] 8#8: start cache manager process 13
2018/01/04 08:37:36 [notice] 8#8: start cache loader process 14
2018/01/04 08:37:36 [notice] 8#8: using the "epoll" event method
2018/01/04 08:37:36 [notice] 8#8: nginx/1.10.3
2018/01/04 08:37:36 [notice] 8#8: built by gcc 4.9.2 (Debian 4.9.2-10) 
2018/01/04 08:37:36 [notice] 8#8: OS: Linux 4.9.49-moby
2018/01/04 08:37:36 [notice] 8#8: getrlimit(RLIMIT_NOFILE): 1048576:1048576
2018/01/04 08:37:36 [notice] 8#8: start worker processes
2018/01/04 08:37:36 [notice] 8#8: start worker process 9
2018/01/04 08:37:36 [notice] 8#8: start worker process 10
2018/01/04 08:37:36 [notice] 8#8: start worker process 11
2018/01/04 08:37:36 [notice] 8#8: start worker process 12
2018/01/04 08:37:36 [notice] 8#8: start cache manager process 13
2018/01/04 08:37:36 [notice] 8#8: start cache loader process 14
2018/01/04 08:37:55 [info] 9#9: *5 client closed connection while waiting for request, client: 172.22.0.1, server: 0.0.0.0:8180
2018/01/04 08:37:55 [info] 9#9: *1 client closed connection while waiting for request, client: 172.22.0.1, server: 0.0.0.0:8180
2018/01/04 08:37:55 [info] 9#9: *4 client closed connection while waiting for request, client: 172.22.0.1, server: 0.0.0.0:8180
2018/01/04 08:37:55 [info] 9#9: *6 client closed connection while waiting for request, client: 172.22.0.1, server: 0.0.0.0:8180
2018/01/04 08:37:55 [info] 9#9: *7 client closed connection while waiting for request, client: 172.22.0.1, server: 0.0.0.0:8180
2018/01/04 08:55:04 [notice] 8#8: using the "epoll" event method
2018/01/04 08:55:04 [notice] 8#8: nginx/1.10.3
2018/01/04 08:55:04 [notice] 8#8: built by gcc 4.9.2 (Debian 4.9.2-10) 
2018/01/04 08:55:04 [notice] 8#8: OS: Linux 4.9.49-moby
2018/01/04 08:55:04 [notice] 8#8: getrlimit(RLIMIT_NOFILE): 1048576:1048576
2018/01/04 08:55:04 [notice] 8#8: start worker processes
2018/01/04 08:55:04 [notice] 8#8: start worker process 9
2018/01/04 08:55:04 [notice] 8#8: start worker process 10
2018/01/04 08:55:04 [notice] 8#8: start worker process 11
2018/01/04 08:55:04 [notice] 8#8: start worker process 12
2018/01/04 08:55:04 [notice] 8#8: start cache manager process 13
2018/01/04 08:55:04 [notice] 8#8: start cache loader process 14
2018/01/04 08:55:05 [notice] 9#9: using the "epoll" event method
2018/01/04 08:55:05 [notice] 9#9: nginx/1.10.3
2018/01/04 08:55:05 [notice] 9#9: built by gcc 4.9.2 (Debian 4.9.2-10) 
2018/01/04 08:55:05 [notice] 9#9: OS: Linux 4.9.49-moby
2018/01/04 08:55:05 [notice] 9#9: getrlimit(RLIMIT_NOFILE): 1048576:1048576
2018/01/04 08:55:05 [notice] 9#9: start worker processes
2018/01/04 08:55:05 [notice] 9#9: start worker process 10
2018/01/04 08:55:05 [notice] 9#9: start worker process 11
2018/01/04 08:55:05 [notice] 9#9: start worker process 12
2018/01/04 08:55:05 [notice] 9#9: start worker process 13
2018/01/04 08:55:05 [notice] 9#9: start cache manager process 14
2018/01/04 08:55:05 [notice] 9#9: start cache loader process 15
2018/01/04 08:55:27 [info] 10#10: *3 client closed connection while waiting for request, client: 172.22.0.1, server: 0.0.0.0:8180
2018/01/04 08:55:27 [info] 10#10: *2 client closed connection while waiting for request, client: 172.22.0.1, server: 0.0.0.0:8180
2018/01/04 08:56:04 [notice] 14#14: http file cache: /var/cache/nginx 0.000M, bsize: 4096
2018/01/04 08:56:04 [notice] 8#8: signal 17 (SIGCHLD) received
2018/01/04 08:56:04 [notice] 8#8: cache loader process 14 exited with code 0
2018/01/04 08:56:04 [notice] 8#8: signal 29 (SIGIO) received
2018/01/04 08:56:05 [notice] 15#15: http file cache: /var/cache/nginx 0.000M, bsize: 4096
2018/01/04 08:56:05 [notice] 9#9: signal 17 (SIGCHLD) received
2018/01/04 08:56:05 [notice] 9#9: cache loader process 15 exited with code 0
2018/01/04 08:56:05 [notice] 9#9: signal 29 (SIGIO) received
2018/01/04 09:26:23 [info] 10#10: *58 client closed connection while waiting for request, client: 172.22.0.1, server: 0.0.0.0:8180
2018/01/04 09:26:23 [info] 10#10: *61 client closed connection while waiting for request, client: 172.22.0.1, server: 0.0.0.0:8180
2018/01/04 09:26:23 [info] 10#10: *60 client closed connection while waiting for request, client: 172.22.0.1, server: 0.0.0.0:8180
2018/01/04 09:26:23 [info] 10#10: *62 client closed connection while waiting for request, client: 172.22.0.1, server: 0.0.0.0:8180
2018/01/04 09:26:33 [info] 11#11: *70 client closed connection while waiting for request, client: 172.22.0.1, server: 0.0.0.0:8180
2018/01/04 09:26:33 [info] 11#11: *67 client closed connection while waiting for request, client: 172.22.0.1, server: 0.0.0.0:8180
2018/01/04 09:26:33 [info] 11#11: *69 client closed connection while waiting for request, client: 172.22.0.1, server: 0.0.0.0:8180
2018/01/04 09:26:33 [info] 11#11: *68 client closed connection while waiting for request, client: 172.22.0.1, server: 0.0.0.0:8180
2018/01/04 09:38:44 [notice] 8#8: using the "epoll" event method
2018/01/04 09:38:44 [notice] 8#8: nginx/1.10.3
2018/01/04 09:38:44 [notice] 8#8: built by gcc 4.9.2 (Debian 4.9.2-10) 
2018/01/04 09:38:44 [notice] 8#8: OS: Linux 4.9.49-moby
2018/01/04 09:38:44 [notice] 8#8: getrlimit(RLIMIT_NOFILE): 1048576:1048576
2018/01/04 09:38:44 [notice] 8#8: start worker processes
2018/01/04 09:38:44 [notice] 8#8: start worker process 9
2018/01/04 09:38:44 [notice] 8#8: start worker process 10
2018/01/04 09:38:44 [notice] 8#8: start worker process 11
2018/01/04 09:38:44 [notice] 8#8: start worker process 12
2018/01/04 09:38:44 [notice] 8#8: start cache manager process 13
2018/01/04 09:38:44 [notice] 8#8: start cache loader process 14
2018/01/04 09:38:45 [notice] 8#8: using the "epoll" event method
2018/01/04 09:38:45 [notice] 8#8: nginx/1.10.3
2018/01/04 09:38:45 [notice] 8#8: built by gcc 4.9.2 (Debian 4.9.2-10) 
2018/01/04 09:38:45 [notice] 8#8: OS: Linux 4.9.49-moby
2018/01/04 09:38:45 [notice] 8#8: getrlimit(RLIMIT_NOFILE): 1048576:1048576
2018/01/04 09:38:45 [notice] 8#8: start worker processes
2018/01/04 09:38:45 [notice] 8#8: start worker process 9
2018/01/04 09:38:45 [notice] 8#8: start worker process 10
2018/01/04 09:38:45 [notice] 8#8: start worker process 11
2018/01/04 09:38:45 [notice] 8#8: start worker process 12
2018/01/04 09:38:45 [notice] 8#8: start cache manager process 13
2018/01/04 09:38:45 [notice] 8#8: start cache loader process 14
2018/01/04 09:39:44 [notice] 14#14: http file cache: /var/cache/nginx 0.000M, bsize: 4096
2018/01/04 09:39:44 [notice] 8#8: signal 17 (SIGCHLD) received
2018/01/04 09:39:44 [notice] 8#8: cache loader process 14 exited with code 0
2018/01/04 09:39:44 [notice] 8#8: signal 29 (SIGIO) received
2018/01/04 09:39:45 [notice] 14#14: http file cache: /var/cache/nginx 0.000M, bsize: 4096
2018/01/04 09:39:45 [notice] 8#8: signal 17 (SIGCHLD) received
2018/01/04 09:39:45 [notice] 8#8: cache loader process 14 exited with code 0
2018/01/04 09:39:45 [notice] 8#8: signal 29 (SIGIO) received
2018/01/04 09:41:27 [notice] 8#8: using the "epoll" event method
2018/01/04 09:41:27 [notice] 8#8: nginx/1.10.3
2018/01/04 09:41:27 [notice] 8#8: built by gcc 4.9.2 (Debian 4.9.2-10) 
2018/01/04 09:41:27 [notice] 8#8: OS: Linux 4.9.49-moby
2018/01/04 09:41:27 [notice] 8#8: getrlimit(RLIMIT_NOFILE): 1048576:1048576
2018/01/04 09:41:27 [notice] 8#8: start worker processes
2018/01/04 09:41:27 [notice] 8#8: start worker process 9
2018/01/04 09:41:27 [notice] 8#8: start worker process 10
2018/01/04 09:41:27 [notice] 8#8: start worker process 11
2018/01/04 09:41:27 [notice] 8#8: start worker process 12
2018/01/04 09:41:27 [notice] 8#8: start cache manager process 13
2018/01/04 09:41:27 [notice] 8#8: start cache loader process 14
2018/01/04 09:41:28 [notice] 8#8: using the "epoll" event method
2018/01/04 09:41:28 [notice] 8#8: nginx/1.10.3
2018/01/04 09:41:28 [notice] 8#8: built by gcc 4.9.2 (Debian 4.9.2-10) 
2018/01/04 09:41:28 [notice] 8#8: OS: Linux 4.9.49-moby
2018/01/04 09:41:28 [notice] 8#8: getrlimit(RLIMIT_NOFILE): 1048576:1048576
2018/01/04 09:41:28 [notice] 8#8: start worker processes
2018/01/04 09:41:28 [notice] 8#8: start worker process 9
2018/01/04 09:41:28 [notice] 8#8: start worker process 10
2018/01/04 09:41:28 [notice] 8#8: start worker process 11
2018/01/04 09:41:28 [notice] 8#8: start worker process 12
2018/01/04 09:41:28 [notice] 8#8: start cache manager process 13
2018/01/04 09:41:28 [notice] 8#8: start cache loader process 14
2018/01/04 09:41:59 [info] 9#9: *2 client closed connection while waiting for request, client: 172.22.0.1, server: 0.0.0.0:8180
2018/01/04 09:41:59 [info] 9#9: *4 client closed connection while waiting for request, client: 172.22.0.1, server: 0.0.0.0:8180
2018/01/04 09:41:59 [info] 9#9: *3 client closed connection while waiting for request, client: 172.22.0.1, server: 0.0.0.0:8180
2018/01/04 09:41:59 [info] 9#9: *5 client closed connection while waiting for request, client: 172.22.0.1, server: 0.0.0.0:8180
2018/01/04 09:42:27 [notice] 14#14: http file cache: /var/cache/nginx 0.000M, bsize: 4096
2018/01/04 09:42:28 [notice] 8#8: signal 17 (SIGCHLD) received
2018/01/04 09:42:28 [notice] 8#8: cache loader process 14 exited with code 0
2018/01/04 09:42:28 [notice] 8#8: signal 29 (SIGIO) received
2018/01/04 09:42:28 [notice] 14#14: http file cache: /var/cache/nginx 0.000M, bsize: 4096
2018/01/04 09:42:28 [notice] 8#8: signal 17 (SIGCHLD) received
2018/01/04 09:42:28 [notice] 8#8: cache loader process 14 exited with code 0
2018/01/04 09:42:28 [notice] 8#8: signal 29 (SIGIO) received
2018/01/04 09:51:19 [info] 9#9: *37 client closed connection while waiting for request, client: 172.22.0.1, server: 0.0.0.0:8180
2018/01/04 09:51:19 [info] 9#9: *38 client closed connection while waiting for request, client: 172.22.0.1, server: 0.0.0.0:8180
2018/01/04 09:51:19 [info] 9#9: *36 client closed connection while waiting for request, client: 172.22.0.1, server: 0.0.0.0:8180
2018/01/04 10:53:50 [info] 9#9: *126 client closed connection while waiting for request, client: 172.22.0.1, server: 0.0.0.0:8180
2018/01/04 10:53:50 [info] 9#9: *125 client closed connection while waiting for request, client: 172.22.0.1, server: 0.0.0.0:8180
2018/01/04 10:53:53 [info] 9#9: *127 client closed connection while waiting for request, client: 172.22.0.1, server: 0.0.0.0:8180
2018/01/11 13:48:59 [notice] 8#8: using the "epoll" event method
2018/01/11 13:48:59 [notice] 8#8: nginx/1.10.3
2018/01/11 13:48:59 [notice] 8#8: built by gcc 4.9.2 (Debian 4.9.2-10) 
2018/01/11 13:48:59 [notice] 8#8: OS: Linux 4.9.49-moby
2018/01/11 13:48:59 [notice] 8#8: getrlimit(RLIMIT_NOFILE): 1048576:1048576
2018/01/11 13:48:59 [notice] 8#8: start worker processes
2018/01/11 13:48:59 [notice] 8#8: start worker process 9
2018/01/11 13:48:59 [notice] 8#8: start worker process 10
2018/01/11 13:48:59 [notice] 8#8: start worker process 11
2018/01/11 13:48:59 [notice] 8#8: start worker process 12
2018/01/11 13:48:59 [notice] 8#8: start cache manager process 13
2018/01/11 13:48:59 [notice] 8#8: start cache loader process 14
2018/01/11 13:49:00 [notice] 8#8: using the "epoll" event method
2018/01/11 13:49:00 [notice] 8#8: nginx/1.10.3
2018/01/11 13:49:00 [notice] 8#8: built by gcc 4.9.2 (Debian 4.9.2-10) 
2018/01/11 13:49:00 [notice] 8#8: OS: Linux 4.9.49-moby
2018/01/11 13:49:00 [notice] 8#8: getrlimit(RLIMIT_NOFILE): 1048576:1048576
2018/01/11 13:49:00 [notice] 8#8: start worker processes
2018/01/11 13:49:00 [notice] 8#8: start worker process 9
2018/01/11 13:49:00 [notice] 8#8: start worker process 10
2018/01/11 13:49:00 [notice] 8#8: start worker process 11
2018/01/11 13:49:00 [notice] 8#8: start worker process 12
2018/01/11 13:49:00 [notice] 8#8: start cache manager process 13
2018/01/11 13:49:00 [notice] 8#8: start cache loader process 14
2018/01/11 13:49:37 [info] 9#9: *1 client closed connection while waiting for request, client: 172.22.0.1, server: 0.0.0.0:8180
2018/01/11 13:49:59 [notice] 14#14: http file cache: /var/cache/nginx 0.000M, bsize: 4096
2018/01/11 13:49:59 [notice] 8#8: signal 17 (SIGCHLD) received
2018/01/11 13:49:59 [notice] 8#8: cache loader process 14 exited with code 0
2018/01/11 13:49:59 [notice] 8#8: signal 29 (SIGIO) received
2018/01/11 13:50:00 [notice] 14#14: http file cache: /var/cache/nginx 0.000M, bsize: 4096
2018/01/11 13:50:00 [notice] 8#8: signal 17 (SIGCHLD) received
2018/01/11 13:50:00 [notice] 8#8: cache loader process 14 exited with code 0
2018/01/11 13:50:00 [notice] 8#8: signal 29 (SIGIO) received
2018/01/15 16:27:15 [notice] 7#7: using the "epoll" event method
2018/01/15 16:27:15 [notice] 7#7: nginx/1.10.3
2018/01/15 16:27:15 [notice] 7#7: built by gcc 4.9.2 (Debian 4.9.2-10) 
2018/01/15 16:27:15 [notice] 7#7: OS: Linux 4.9.49-moby
2018/01/15 16:27:15 [notice] 7#7: getrlimit(RLIMIT_NOFILE): 1048576:1048576
2018/01/15 16:27:15 [notice] 7#7: start worker processes
2018/01/15 16:27:15 [notice] 7#7: start worker process 8
2018/01/15 16:27:15 [notice] 7#7: start worker process 9
2018/01/15 16:27:15 [notice] 7#7: start worker process 10
2018/01/15 16:27:15 [notice] 7#7: start worker process 11
2018/01/15 16:27:15 [notice] 7#7: start cache manager process 12
2018/01/15 16:27:15 [notice] 7#7: start cache loader process 13
2018/01/15 16:27:16 [notice] 8#8: using the "epoll" event method
2018/01/15 16:27:16 [notice] 8#8: nginx/1.10.3
2018/01/15 16:27:16 [notice] 8#8: built by gcc 4.9.2 (Debian 4.9.2-10) 
2018/01/15 16:27:16 [notice] 8#8: OS: Linux 4.9.49-moby
2018/01/15 16:27:16 [notice] 8#8: getrlimit(RLIMIT_NOFILE): 1048576:1048576
2018/01/15 16:27:16 [notice] 8#8: start worker processes
2018/01/15 16:27:16 [notice] 8#8: start worker process 9
2018/01/15 16:27:16 [notice] 8#8: start worker process 10
2018/01/15 16:27:16 [notice] 8#8: start worker process 11
2018/01/15 16:27:16 [notice] 8#8: start worker process 12
2018/01/15 16:27:16 [notice] 8#8: start cache manager process 13
2018/01/15 16:27:16 [notice] 8#8: start cache loader process 14
2018/01/15 16:27:56 [info] 9#9: *2 client closed connection while waiting for request, client: 172.22.0.1, server: 0.0.0.0:8180
2018/01/15 16:28:15 [notice] 13#13: http file cache: /var/cache/nginx 0.000M, bsize: 4096
2018/01/15 16:28:16 [notice] 7#7: signal 17 (SIGCHLD) received
2018/01/15 16:28:16 [notice] 7#7: cache loader process 13 exited with code 0
2018/01/15 16:28:16 [notice] 7#7: signal 29 (SIGIO) received
2018/01/15 16:28:16 [notice] 14#14: http file cache: /var/cache/nginx 0.000M, bsize: 4096
2018/01/15 16:28:16 [notice] 8#8: signal 17 (SIGCHLD) received
2018/01/15 16:28:16 [notice] 8#8: cache loader process 14 exited with code 0
2018/01/15 16:28:16 [notice] 8#8: signal 29 (SIGIO) received
2018/01/16 09:56:32 [notice] 8#8: using the "epoll" event method
2018/01/16 09:56:32 [notice] 8#8: nginx/1.10.3
2018/01/16 09:56:32 [notice] 8#8: built by gcc 4.9.2 (Debian 4.9.2-10) 
2018/01/16 09:56:32 [notice] 8#8: OS: Linux 4.9.49-moby
2018/01/16 09:56:32 [notice] 8#8: getrlimit(RLIMIT_NOFILE): 1048576:1048576
2018/01/16 09:56:32 [notice] 8#8: start worker processes
2018/01/16 09:56:32 [notice] 8#8: start worker process 9
2018/01/16 09:56:32 [notice] 8#8: start worker process 10
2018/01/16 09:56:32 [notice] 8#8: start worker process 11
2018/01/16 09:56:32 [notice] 8#8: start worker process 12
2018/01/16 09:56:32 [notice] 8#8: start cache manager process 13
2018/01/16 09:56:32 [notice] 8#8: start cache loader process 14
2018/01/16 09:56:33 [notice] 8#8: using the "epoll" event method
2018/01/16 09:56:33 [notice] 8#8: nginx/1.10.3
2018/01/16 09:56:33 [notice] 8#8: built by gcc 4.9.2 (Debian 4.9.2-10) 
2018/01/16 09:56:33 [notice] 8#8: OS: Linux 4.9.49-moby
2018/01/16 09:56:33 [notice] 8#8: getrlimit(RLIMIT_NOFILE): 1048576:1048576
2018/01/16 09:56:33 [notice] 8#8: start worker processes
2018/01/16 09:56:33 [notice] 8#8: start worker process 9
2018/01/16 09:56:33 [notice] 8#8: start worker process 10
2018/01/16 09:56:33 [notice] 8#8: start worker process 11
2018/01/16 09:56:33 [notice] 8#8: start worker process 12
2018/01/16 09:56:33 [notice] 8#8: start cache manager process 13
2018/01/16 09:56:33 [notice] 8#8: start cache loader process 14
2018/01/16 09:57:32 [notice] 14#14: http file cache: /var/cache/nginx 0.000M, bsize: 4096
2018/01/16 09:57:32 [notice] 8#8: signal 17 (SIGCHLD) received
2018/01/16 09:57:32 [notice] 8#8: cache loader process 14 exited with code 0
2018/01/16 09:57:32 [notice] 8#8: signal 29 (SIGIO) received
2018/01/16 09:57:33 [notice] 14#14: http file cache: /var/cache/nginx 0.000M, bsize: 4096
2018/01/16 09:57:33 [notice] 8#8: signal 17 (SIGCHLD) received
2018/01/16 09:57:33 [notice] 8#8: cache loader process 14 exited with code 0
2018/01/16 09:57:33 [notice] 8#8: signal 29 (SIGIO) received
2018/01/16 10:05:34 [info] 10#10: *29 client closed connection while waiting for request, client: 172.22.0.1, server: 0.0.0.0:8180
2018/01/16 10:05:34 [info] 10#10: *30 client closed connection while waiting for request, client: 172.22.0.1, server: 0.0.0.0:8180
2018/01/16 10:05:34 [info] 10#10: *31 client closed connection while waiting for request, client: 172.22.0.1, server: 0.0.0.0:8180
2018/01/16 10:05:34 [info] 10#10: *32 client closed connection while waiting for request, client: 172.22.0.1, server: 0.0.0.0:8180
2018/01/16 10:48:54 [info] 10#10: *38 client closed connection while waiting for request, client: 172.22.0.1, server: 0.0.0.0:8180
2018/01/16 10:48:54 [info] 10#10: *39 client closed connection while waiting for request, client: 172.22.0.1, server: 0.0.0.0:8180
2018/01/16 10:48:54 [info] 10#10: *42 client closed connection while waiting for request, client: 172.22.0.1, server: 0.0.0.0:8180
2018/01/16 10:48:54 [info] 10#10: *41 client closed connection while waiting for request, client: 172.22.0.1, server: 0.0.0.0:8180
2018/01/16 10:48:54 [info] 10#10: *40 client closed connection while waiting for request, client: 172.22.0.1, server: 0.0.0.0:8180
2018/01/16 10:53:57 [info] 10#10: *45 client closed connection while waiting for request, client: 172.22.0.1, server: 0.0.0.0:8180
2018/01/16 10:53:57 [info] 10#10: *47 client closed connection while waiting for request, client: 172.22.0.1, server: 0.0.0.0:8180
2018/01/16 10:53:57 [info] 10#10: *46 client closed connection while waiting for request, client: 172.22.0.1, server: 0.0.0.0:8180
2018/01/16 10:53:57 [info] 10#10: *48 client closed connection while waiting for request, client: 172.22.0.1, server: 0.0.0.0:8180
2018/01/16 11:55:36 [info] 9#9: *243 client closed connection while waiting for request, client: 172.22.0.1, server: 0.0.0.0:8180
2018/01/16 11:55:36 [info] 9#9: *248 client closed connection while waiting for request, client: 172.22.0.1, server: 0.0.0.0:8180
2018/01/16 11:55:36 [info] 9#9: *246 client closed connection while waiting for request, client: 172.22.0.1, server: 0.0.0.0:8180
2018/01/16 11:55:36 [info] 9#9: *245 client closed connection while waiting for request, client: 172.22.0.1, server: 0.0.0.0:8180
2018/01/16 11:55:36 [info] 9#9: *247 client closed connection while waiting for request, client: 172.22.0.1, server: 0.0.0.0:8180
2018/01/16 11:59:55 [notice] 8#8: using the "epoll" event method
2018/01/16 11:59:55 [notice] 8#8: nginx/1.10.3
2018/01/16 11:59:55 [notice] 8#8: built by gcc 4.9.2 (Debian 4.9.2-10) 
2018/01/16 11:59:55 [notice] 8#8: OS: Linux 4.9.49-moby
2018/01/16 11:59:55 [notice] 8#8: getrlimit(RLIMIT_NOFILE): 1048576:1048576
2018/01/16 11:59:55 [notice] 8#8: start worker processes
2018/01/16 11:59:55 [notice] 8#8: start worker process 9
2018/01/16 11:59:55 [notice] 8#8: start worker process 10
2018/01/16 11:59:55 [notice] 8#8: start worker process 11
2018/01/16 11:59:55 [notice] 8#8: start worker process 12
2018/01/16 11:59:55 [notice] 8#8: start cache manager process 13
2018/01/16 11:59:55 [notice] 8#8: start cache loader process 14
2018/01/16 11:59:56 [notice] 10#10: using the "epoll" event method
2018/01/16 11:59:56 [notice] 10#10: nginx/1.10.3
2018/01/16 11:59:56 [notice] 10#10: built by gcc 4.9.2 (Debian 4.9.2-10) 
2018/01/16 11:59:56 [notice] 10#10: OS: Linux 4.9.49-moby
2018/01/16 11:59:56 [notice] 10#10: getrlimit(RLIMIT_NOFILE): 1048576:1048576
2018/01/16 11:59:56 [notice] 10#10: start worker processes
2018/01/16 11:59:56 [notice] 10#10: start worker process 11
2018/01/16 11:59:56 [notice] 10#10: start worker process 12
2018/01/16 11:59:56 [notice] 10#10: start worker process 13
2018/01/16 11:59:56 [notice] 10#10: start worker process 14
2018/01/16 11:59:56 [notice] 10#10: start cache manager process 15
2018/01/16 11:59:56 [notice] 10#10: start cache loader process 16
2018/01/16 12:00:15 [info] 11#11: *3 client closed connection while waiting for request, client: 172.22.0.1, server: 0.0.0.0:8180
2018/01/16 12:00:15 [info] 11#11: *1 client closed connection while waiting for request, client: 172.22.0.1, server: 0.0.0.0:8180
2018/01/16 12:00:15 [info] 11#11: *5 client closed connection while waiting for request, client: 172.22.0.1, server: 0.0.0.0:8180
2018/01/16 12:00:15 [info] 11#11: *4 client closed connection while waiting for request, client: 172.22.0.1, server: 0.0.0.0:8180
2018/01/16 12:00:15 [info] 11#11: *6 client closed connection while waiting for request, client: 172.22.0.1, server: 0.0.0.0:8180
2018/01/16 12:00:46 [info] 11#11: *12 client closed connection while waiting for request, client: 172.22.0.1, server: 0.0.0.0:8180
2018/01/16 12:00:46 [info] 11#11: *11 client closed connection while waiting for request, client: 172.22.0.1, server: 0.0.0.0:8180
2018/01/16 12:00:55 [notice] 14#14: http file cache: /var/cache/nginx 0.000M, bsize: 4096
2018/01/16 12:00:55 [notice] 8#8: signal 17 (SIGCHLD) received
2018/01/16 12:00:55 [notice] 8#8: cache loader process 14 exited with code 0
2018/01/16 12:00:55 [notice] 8#8: signal 29 (SIGIO) received
2018/01/16 12:00:56 [notice] 16#16: http file cache: /var/cache/nginx 0.000M, bsize: 4096
2018/01/16 12:00:56 [notice] 10#10: signal 17 (SIGCHLD) received
2018/01/16 12:00:56 [notice] 10#10: cache loader process 16 exited with code 0
2018/01/16 12:00:56 [notice] 10#10: signal 29 (SIGIO) received
2018/01/16 12:05:01 [info] 11#11: *41 client closed connection while waiting for request, client: 172.22.0.1, server: 0.0.0.0:8180
2018/01/16 12:05:01 [info] 11#11: *42 client closed connection while waiting for request, client: 172.22.0.1, server: 0.0.0.0:8180
2018/01/16 12:05:55 [info] 11#11: *69 client closed connection while waiting for request, client: 172.22.0.1, server: 0.0.0.0:8180
2018/01/16 17:53:15 [notice] 8#8: using the "epoll" event method
2018/01/16 17:53:15 [notice] 8#8: nginx/1.10.3
2018/01/16 17:53:15 [notice] 8#8: built by gcc 4.9.2 (Debian 4.9.2-10) 
2018/01/16 17:53:15 [notice] 8#8: OS: Linux 4.9.49-moby
2018/01/16 17:53:15 [notice] 8#8: getrlimit(RLIMIT_NOFILE): 1048576:1048576
2018/01/16 17:53:15 [notice] 8#8: start worker processes
2018/01/16 17:53:15 [notice] 8#8: start worker process 9
2018/01/16 17:53:15 [notice] 8#8: start worker process 10
2018/01/16 17:53:15 [notice] 8#8: start worker process 11
2018/01/16 17:53:15 [notice] 8#8: start worker process 12
2018/01/16 17:53:15 [notice] 8#8: start cache manager process 13
2018/01/16 17:53:15 [notice] 8#8: start cache loader process 14
2018/01/16 17:53:16 [notice] 8#8: using the "epoll" event method
2018/01/16 17:53:16 [notice] 8#8: nginx/1.10.3
2018/01/16 17:53:16 [notice] 8#8: built by gcc 4.9.2 (Debian 4.9.2-10) 
2018/01/16 17:53:16 [notice] 8#8: OS: Linux 4.9.49-moby
2018/01/16 17:53:16 [notice] 8#8: getrlimit(RLIMIT_NOFILE): 1048576:1048576
2018/01/16 17:53:16 [notice] 8#8: start worker processes
2018/01/16 17:53:16 [notice] 8#8: start worker process 9
2018/01/16 17:53:16 [notice] 8#8: start worker process 10
2018/01/16 17:53:16 [notice] 8#8: start worker process 11
2018/01/16 17:53:16 [notice] 8#8: start worker process 12
2018/01/16 17:53:16 [notice] 8#8: start cache manager process 13
2018/01/16 17:53:16 [notice] 8#8: start cache loader process 14
2018/01/16 17:54:15 [notice] 14#14: http file cache: /var/cache/nginx 0.000M, bsize: 4096
2018/01/16 17:54:15 [notice] 8#8: signal 17 (SIGCHLD) received
2018/01/16 17:54:15 [notice] 8#8: cache loader process 14 exited with code 0
2018/01/16 17:54:15 [notice] 8#8: signal 29 (SIGIO) received
2018/01/16 17:54:16 [notice] 14#14: http file cache: /var/cache/nginx 0.000M, bsize: 4096
2018/01/16 17:54:16 [notice] 8#8: signal 17 (SIGCHLD) received
2018/01/16 17:54:16 [notice] 8#8: cache loader process 14 exited with code 0
2018/01/16 17:54:16 [notice] 8#8: signal 29 (SIGIO) received
2018/01/16 18:06:20 [info] 9#9: *71 client closed connection while waiting for request, client: 172.22.0.1, server: 0.0.0.0:8180
2018/01/16 18:06:20 [info] 9#9: *73 client closed connection while waiting for request, client: 172.22.0.1, server: 0.0.0.0:8180
2018/01/16 18:16:56 [info] 9#9: *173 client closed connection while waiting for request, client: 172.22.0.1, server: 0.0.0.0:8180
2018/01/16 18:16:56 [info] 9#9: *174 client closed connection while waiting for request, client: 172.22.0.1, server: 0.0.0.0:8180
2018/01/16 18:16:56 [info] 9#9: *175 client closed connection while waiting for request, client: 172.22.0.1, server: 0.0.0.0:8180
2018/01/16 18:16:56 [info] 9#9: *172 client closed connection while waiting for request, client: 172.22.0.1, server: 0.0.0.0:8180
2018/01/16 18:16:56 [info] 9#9: *176 client closed connection while waiting for request, client: 172.22.0.1, server: 0.0.0.0:8180
2018/01/17 16:28:50 [notice] 8#8: using the "epoll" event method
2018/01/17 16:28:50 [notice] 8#8: nginx/1.10.3
2018/01/17 16:28:50 [notice] 8#8: built by gcc 4.9.2 (Debian 4.9.2-10) 
2018/01/17 16:28:50 [notice] 8#8: OS: Linux 4.9.49-moby
2018/01/17 16:28:50 [notice] 8#8: getrlimit(RLIMIT_NOFILE): 1048576:1048576
2018/01/17 16:28:50 [notice] 8#8: start worker processes
2018/01/17 16:28:50 [notice] 8#8: start worker process 9
2018/01/17 16:28:50 [notice] 8#8: start worker process 10
2018/01/17 16:28:50 [notice] 8#8: start worker process 11
2018/01/17 16:28:50 [notice] 8#8: start worker process 12
2018/01/17 16:28:50 [notice] 8#8: start cache manager process 13
2018/01/17 16:28:50 [notice] 8#8: start cache loader process 14
2018/01/17 16:28:50 [notice] 8#8: using the "epoll" event method
2018/01/17 16:28:50 [notice] 8#8: nginx/1.10.3
2018/01/17 16:28:50 [notice] 8#8: built by gcc 4.9.2 (Debian 4.9.2-10) 
2018/01/17 16:28:50 [notice] 8#8: OS: Linux 4.9.49-moby
2018/01/17 16:28:50 [notice] 8#8: getrlimit(RLIMIT_NOFILE): 1048576:1048576
2018/01/17 16:28:50 [notice] 8#8: start worker processes
2018/01/17 16:28:50 [notice] 8#8: start worker process 9
2018/01/17 16:28:50 [notice] 8#8: start worker process 10
2018/01/17 16:28:50 [notice] 8#8: start worker process 11
2018/01/17 16:28:50 [notice] 8#8: start worker process 12
2018/01/17 16:28:50 [notice] 8#8: start cache manager process 13
2018/01/17 16:28:50 [notice] 8#8: start cache loader process 14
2018/01/17 16:29:50 [notice] 14#14: http file cache: /var/cache/nginx 0.000M, bsize: 4096
2018/01/17 16:29:50 [notice] 8#8: signal 17 (SIGCHLD) received
2018/01/17 16:29:50 [notice] 8#8: cache loader process 14 exited with code 0
2018/01/17 16:29:50 [notice] 8#8: signal 29 (SIGIO) received
2018/01/17 16:29:50 [notice] 14#14: http file cache: /var/cache/nginx 0.000M, bsize: 4096
2018/01/17 16:29:50 [notice] 8#8: signal 17 (SIGCHLD) received
2018/01/17 16:29:50 [notice] 8#8: cache loader process 14 exited with code 0
2018/01/17 16:29:50 [notice] 8#8: signal 29 (SIGIO) received
